<?xml version="1.0" encoding="UTF-8"?>
<!-- Generated by org.testng.reporters.JUnitReportReporter -->
<testsuite skipped="0" hostname="511A-PC" name="packOne.ClassOne" tests="1" failures="0" timestamp="2019-09-22T14:04:14 PDT" time="16.001" errors="0">
  <testcase name="methodOneA" time="16.001" classname="packOne.ClassOne"/>
</testsuite> <!-- packOne.ClassOne -->
