<?xml version="1.0" encoding="UTF-8"?>
<!-- Generated by org.testng.reporters.JUnitReportReporter -->
<testsuite skipped="0" hostname="511A-PC" name="packOne.ClassThree" tests="2" failures="0" timestamp="2019-09-22T14:04:14 PDT" time="16.125" errors="0">
  <testcase name="methodThreeB" time="0.000" classname="packOne.ClassThree"/>
  <testcase name="methodThreeA" time="16.125" classname="packOne.ClassThree"/>
</testsuite> <!-- packOne.ClassThree -->
