<?xml version="1.0" encoding="UTF-8"?>
<!-- Generated by org.testng.reporters.JUnitReportReporter -->
<testsuite skipped="0" hostname="511A-PC" name="packOne.ClassFour" tests="2" failures="0" timestamp="2019-09-22T14:04:14 PDT" time="20.678" errors="0">
  <testcase name="methodFourA" time="20.678" classname="packOne.ClassFour"/>
  <testcase name="methodFourB" time="0.000" classname="packOne.ClassFour"/>
</testsuite> <!-- packOne.ClassFour -->
