<?xml version="1.0" encoding="UTF-8"?>
<!-- Generated by org.testng.reporters.JUnitReportReporter -->
<testsuite skipped="0" hostname="511A-PC" name="packOne.ClassFour" tests="2" failures="0" timestamp="2019-09-22T13:32:44 PDT" time="19.201" errors="0">
  <testcase name="methodFourB" time="0.005" classname="packOne.ClassFour"/>
  <testcase name="methodFourA" time="19.196" classname="packOne.ClassFour"/>
</testsuite> <!-- packOne.ClassFour -->
