<?xml version="1.0" encoding="UTF-8"?>
<!-- Generated by org.testng.reporters.JUnitReportReporter -->
<testsuite skipped="0" hostname="511A-PC" name="packOne.ClassThree" tests="2" failures="0" timestamp="2019-09-22T13:32:44 PDT" time="16.082" errors="0">
  <testcase name="methodThreeB" time="0.001" classname="packOne.ClassThree"/>
  <testcase name="methodThreeA" time="16.081" classname="packOne.ClassThree"/>
</testsuite> <!-- packOne.ClassThree -->
