<?xml version="1.0" encoding="UTF-8"?>
<!-- Generated by org.testng.reporters.JUnitReportReporter -->
<testsuite skipped="0" hostname="511A-PC" name="packOne.ClassOne" tests="1" failures="0" timestamp="2019-09-22T13:32:44 PDT" time="20.195" errors="0">
  <testcase name="methodOneA" time="20.195" classname="packOne.ClassOne"/>
</testsuite> <!-- packOne.ClassOne -->
